2025-02-16 11:46:33,892 [INFO] APIConnect.APIConnect: Loggers initiated with provided configuration.
2025-02-16 11:46:33,892 [INFO] constants.router: Router object is being created.
2025-02-16 11:46:33,892 [INFO] constants.router: URL constants loaded with provided configuration file.
2025-02-16 11:46:33,892 [INFO] APIConnect.http: Http object is being created.
2025-02-16 11:46:33,892 [INFO] APIConnect.login_helper: LoginHelper object is being created.
2025-02-16 11:46:33,892 [INFO] APIConnect.order_helper: OrderHelper object is being created.
2025-02-16 11:46:33,900 [DEBUG] urllib3.connectionpool: Starting new HTTPS connection (1): nc.nuvamawealth.com:443
2025-02-16 11:46:34,067 [DEBUG] urllib3.connectionpool: https://nc.nuvamawealth.com:443 "POST /edelmw-login/login/accounts/loginvendor/877nujhgiEqQhg/ HTTP/1.1" 200 None
2025-02-16 11:46:34,068 [INFO] APIConnect.login_helper: User logged in successfully.
2025-02-16 11:46:34,068 [INFO] APIConnect.login_helper: Vendor session generated.
2025-02-16 11:46:34,175 [DEBUG] urllib3.connectionpool: https://nc.nuvamawealth.com:443 "POST /edelmw-login/login/accounts/logindata/ HTTP/1.1" 222 196
2025-02-16 11:48:42,329 [INFO] APIConnect.APIConnect: Loggers initiated with provided configuration.
2025-02-16 11:48:42,329 [INFO] constants.router: Router object is being created.
2025-02-16 11:48:42,329 [INFO] constants.router: URL constants loaded with provided configuration file.
2025-02-16 11:48:42,329 [INFO] APIConnect.http: Http object is being created.
2025-02-16 11:48:42,330 [INFO] APIConnect.login_helper: LoginHelper object is being created.
2025-02-16 11:48:42,330 [INFO] APIConnect.order_helper: OrderHelper object is being created.
2025-02-16 11:48:42,334 [DEBUG] urllib3.connectionpool: Starting new HTTPS connection (1): nc.nuvamawealth.com:443
2025-02-16 11:48:42,551 [DEBUG] urllib3.connectionpool: https://nc.nuvamawealth.com:443 "POST /edelmw-login/login/accounts/loginvendor/877nujhgiEqQhg/ HTTP/1.1" 200 None
2025-02-16 11:48:42,552 [INFO] APIConnect.login_helper: User logged in successfully.
2025-02-16 11:48:42,552 [INFO] APIConnect.login_helper: Vendor session generated.
2025-02-16 11:48:42,650 [DEBUG] urllib3.connectionpool: https://nc.nuvamawealth.com:443 "POST /edelmw-login/login/accounts/logindata/ HTTP/1.1" 200 None
2025-02-16 11:48:42,652 [DEBUG] APIConnect.login_helper: Login details are pickled in file.
2025-02-16 11:48:42,652 [INFO] APIConnect.login_helper: Authorization done succesfully.
2025-02-16 11:48:42,653 [INFO] APIConnect.api_utils: Checking for new update.
2025-02-16 11:48:42,721 [INFO] feed.feed: Connection established with subscriber.
2025-02-16 11:48:42,776 [DEBUG] urllib3.connectionpool: https://nc.nuvamawealth.com:443 "POST /edelmw-content/content/adhoc/lib/version/ HTTP/1.1" 200 None
2025-02-16 11:48:42,777 [DEBUG] APIConnect.api_utils: Response received: {'appID': 'a5cbb543e3a7fb6bb063356377d6ad55', 'config': {'app': 1, 'bseExp': 1739664023867, 'exp': 1739664023858, 'info': 4}, 'data': {'type': 'libVsnResponseDao', 'msg': '', 'sts': True, 'vsn': '2.0.2'}, 'msgID': 'f2eb4a5a-6353-4158-a9d5-ce8924cc0930', 'srvTm': 1739686723011}
2025-02-16 11:48:48,498 [INFO] APIConnect.login_helper: Downloaded instruments.zip
2025-02-16 11:48:49,128 [INFO] APIConnect.login_helper: Downloaded mfInstruments.zip
2025-02-16 11:48:49,179 [INFO] APIConnect.login_helper: Extracted instruments.csv
2025-02-16 11:48:49,548 [INFO] APIConnect.login_helper: Loaded instruments.csv
2025-02-16 11:48:49,551 [INFO] APIConnect.login_helper: Extracted mfInstruments.csv
2025-02-16 11:48:49,572 [INFO] APIConnect.login_helper: Loaded mfInstruments.csv
2025-02-16 11:48:49,604 [DEBUG] urllib3.connectionpool: Starting new HTTPS connection (1): ant.aliceblueonline.com:443
2025-02-16 11:48:49,695 [DEBUG] urllib3.connectionpool: https://ant.aliceblueonline.com:443 "POST /rest/AliceBlueAPIService/api/customer/getAPIEncpkey HTTP/1.1" 200 None
2025-02-16 11:48:49,696 [DEBUG] urllib3.connectionpool: Starting new HTTPS connection (1): ant.aliceblueonline.com:443
2025-02-16 11:48:49,759 [DEBUG] urllib3.connectionpool: https://ant.aliceblueonline.com:443 "POST /rest/AliceBlueAPIService/api/customer/getUserSID HTTP/1.1" 200 None
2025-02-16 11:49:01,357 [DEBUG] urllib3.connectionpool: Starting new HTTPS connection (1): ant.aliceblueonline.com:443
2025-02-16 11:49:01,429 [DEBUG] urllib3.connectionpool: https://ant.aliceblueonline.com:443 "POST /rest/AliceBlueAPIService/api/customer/getAPIEncpkey HTTP/1.1" 200 None
2025-02-16 11:49:01,430 [DEBUG] urllib3.connectionpool: Starting new HTTPS connection (1): ant.aliceblueonline.com:443
2025-02-16 11:49:01,507 [DEBUG] urllib3.connectionpool: https://ant.aliceblueonline.com:443 "POST /rest/AliceBlueAPIService/api/customer/getUserSID HTTP/1.1" 200 None
2025-02-16 11:49:01,509 [DEBUG] urllib3.connectionpool: Starting new HTTPS connection (1): v2api.aliceblueonline.com:443
2025-02-16 11:49:01,826 [DEBUG] urllib3.connectionpool: https://v2api.aliceblueonline.com:443 "GET /restpy/static/contract_master/NFO.csv HTTP/1.1" 200 4729233
2025-02-16 11:49:09,630 [DEBUG] urllib3.connectionpool: Starting new HTTPS connection (1): ant.aliceblueonline.com:443
2025-02-16 11:49:09,713 [DEBUG] urllib3.connectionpool: https://ant.aliceblueonline.com:443 "POST /rest/AliceBlueAPIService/api/ScripDetails/getScripQuoteDetails HTTP/1.1" 200 None
2025-02-16 11:49:10,051 [DEBUG] urllib3.connectionpool: Starting new HTTPS connection (1): ant.aliceblueonline.com:443
2025-02-16 11:49:10,137 [DEBUG] urllib3.connectionpool: https://ant.aliceblueonline.com:443 "POST /rest/AliceBlueAPIService/api/ScripDetails/getScripQuoteDetails HTTP/1.1" 200 None
2025-02-16 11:49:10,477 [DEBUG] urllib3.connectionpool: Starting new HTTPS connection (1): ant.aliceblueonline.com:443
2025-02-16 11:49:10,574 [DEBUG] urllib3.connectionpool: https://ant.aliceblueonline.com:443 "POST /rest/AliceBlueAPIService/api/ScripDetails/getScripQuoteDetails HTTP/1.1" 200 None
2025-02-16 11:49:10,910 [DEBUG] urllib3.connectionpool: Starting new HTTPS connection (1): ant.aliceblueonline.com:443
2025-02-16 11:49:11,017 [DEBUG] urllib3.connectionpool: https://ant.aliceblueonline.com:443 "POST /rest/AliceBlueAPIService/api/ScripDetails/getScripQuoteDetails HTTP/1.1" 200 None
2025-02-16 11:49:11,354 [DEBUG] urllib3.connectionpool: Starting new HTTPS connection (1): ant.aliceblueonline.com:443
2025-02-16 11:49:11,437 [DEBUG] urllib3.connectionpool: https://ant.aliceblueonline.com:443 "POST /rest/AliceBlueAPIService/api/ScripDetails/getScripQuoteDetails HTTP/1.1" 200 None
2025-02-16 11:49:11,773 [DEBUG] urllib3.connectionpool: Starting new HTTPS connection (1): ant.aliceblueonline.com:443
2025-02-16 11:49:11,858 [DEBUG] urllib3.connectionpool: https://ant.aliceblueonline.com:443 "POST /rest/AliceBlueAPIService/api/ScripDetails/getScripQuoteDetails HTTP/1.1" 200 None
2025-02-16 11:49:12,196 [DEBUG] urllib3.connectionpool: Starting new HTTPS connection (1): ant.aliceblueonline.com:443
2025-02-16 11:49:12,291 [DEBUG] urllib3.connectionpool: https://ant.aliceblueonline.com:443 "POST /rest/AliceBlueAPIService/api/ScripDetails/getScripQuoteDetails HTTP/1.1" 200 None
2025-02-16 11:49:12,623 [DEBUG] urllib3.connectionpool: Starting new HTTPS connection (1): ant.aliceblueonline.com:443
2025-02-16 11:49:12,710 [DEBUG] urllib3.connectionpool: https://ant.aliceblueonline.com:443 "POST /rest/AliceBlueAPIService/api/ScripDetails/getScripQuoteDetails HTTP/1.1" 200 None
2025-02-16 11:49:13,048 [DEBUG] urllib3.connectionpool: Starting new HTTPS connection (1): ant.aliceblueonline.com:443
2025-02-16 11:49:13,139 [DEBUG] urllib3.connectionpool: https://ant.aliceblueonline.com:443 "POST /rest/AliceBlueAPIService/api/ScripDetails/getScripQuoteDetails HTTP/1.1" 200 None
2025-02-16 11:49:13,460 [DEBUG] urllib3.connectionpool: Starting new HTTPS connection (1): ant.aliceblueonline.com:443
2025-02-16 11:49:13,612 [DEBUG] urllib3.connectionpool: https://ant.aliceblueonline.com:443 "POST /rest/AliceBlueAPIService/api/ScripDetails/getScripQuoteDetails HTTP/1.1" 200 None
